c:\users\jbocc\onedrive\documents\github\capstone\client\tut 13 - client\debug\vc141.pdb
c:\users\jbocc\onedrive\documents\github\capstone\client\tut 13 - client\debug\vc141.idb
c:\users\jbocc\onedrive\documents\github\capstone\client\tut 13 - client\debug\source.obj
c:\users\jbocc\onedrive\documents\github\capstone\client\tut 13 - client\debug\sendgetmethods.obj
c:\users\jbocc\onedrive\documents\github\capstone\client\tut 13 - client\debug\packetstructs.obj
c:\users\jbocc\onedrive\documents\github\capstone\client\tut 13 - client\debug\packetmanager.obj
c:\users\jbocc\onedrive\documents\github\capstone\client\tut 13 - client\debug\packet.obj
c:\users\jbocc\onedrive\documents\github\capstone\client\tut 13 - client\debug\clientini.obj
c:\users\jbocc\onedrive\documents\github\capstone\client\tut 13 - client\debug\client.obj
c:\users\jbocc\onedrive\documents\github\capstone\client\debug\tut 13 - client.exe
c:\users\jbocc\onedrive\documents\github\capstone\client\debug\tut 13 - client.ilk
c:\users\jbocc\onedrive\documents\github\capstone\client\debug\tut 13 - client.pdb
c:\users\annette\documents\github\capstone\client\tut 13 - client\debug\client.obj
c:\users\annette\documents\github\capstone\client\tut 13 - client\debug\clientini.obj
c:\users\annette\documents\github\capstone\client\tut 13 - client\debug\packet.obj
c:\users\annette\documents\github\capstone\client\tut 13 - client\debug\packetmanager.obj
c:\users\annette\documents\github\capstone\client\tut 13 - client\debug\packetstructs.obj
c:\users\annette\documents\github\capstone\client\tut 13 - client\debug\sendgetmethods.obj
c:\users\annette\documents\github\capstone\client\tut 13 - client\debug\source.obj
c:\users\annette\documents\github\capstone\client\tut 13 - client\debug\vc140.idb
c:\users\annette\documents\github\capstone\client\tut 13 - client\debug\vc141.idb
c:\users\annette\documents\github\capstone\client\tut 13 - client\debug\vc140.pdb
c:\users\annette\documents\github\capstone\client\tut 13 - client\debug\vc141.pdb
c:\users\annette\documents\github\capstone\client\debug\tut 13 - client.pdb
c:\users\annette\documents\github\capstone\client\debug\tut 13 - client.exe
c:\users\annette\documents\github\capstone\client\debug\tut 13 - client.ilk
c:\users\annette\documents\github\capstone\client\tut 13 - client\debug\tut 13 - client.tlog\cl.command.1.tlog
c:\users\annette\documents\github\capstone\client\tut 13 - client\debug\tut 13 - client.tlog\cl.read.1.tlog
c:\users\annette\documents\github\capstone\client\tut 13 - client\debug\tut 13 - client.tlog\cl.write.1.tlog
c:\users\annette\documents\github\capstone\client\tut 13 - client\debug\tut 13 - client.tlog\link.command.1.tlog
c:\users\annette\documents\github\capstone\client\tut 13 - client\debug\tut 13 - client.tlog\link.delete.1.tlog
c:\users\annette\documents\github\capstone\client\tut 13 - client\debug\tut 13 - client.tlog\link.read.1.tlog
c:\users\annette\documents\github\capstone\client\tut 13 - client\debug\tut 13 - client.tlog\link.write.1.tlog
